  Gaimi.cpp
  Game.cpp
Game.cpp(143): error C2065: 'IMPASSABLE': undeclared identifier
Game.cpp(143): error C2228: left of '.x' must have class/struct/union
Game.cpp(144): error C2065: 'IMPASSABLE': undeclared identifier
Game.cpp(144): error C2228: left of '.y' must have class/struct/union
Game.cpp(145): error C2065: 'IMPASSABLE': undeclared identifier
Game.cpp(145): error C2228: left of '.w' must have class/struct/union
Game.cpp(146): error C2065: 'IMPASSABLE': undeclared identifier
Game.cpp(146): error C2228: left of '.h' must have class/struct/union
Game.cpp(148): error C2065: 'CANYON': undeclared identifier
Game.cpp(148): error C2228: left of '.x' must have class/struct/union
Game.cpp(149): error C2065: 'CANYON': undeclared identifier
Game.cpp(149): error C2228: left of '.y' must have class/struct/union
Game.cpp(150): error C2065: 'CANYON': undeclared identifier
Game.cpp(150): error C2228: left of '.w' must have class/struct/union
Game.cpp(151): error C2065: 'CANYON': undeclared identifier
Game.cpp(151): error C2228: left of '.h' must have class/struct/union
  Main.cpp
  Robot.cpp
  Texture.cpp
  Tile.cpp
  Timer.cpp
  UI.cpp
UI.cpp(250): error C2065: 'IMPASSABLE': undeclared identifier
UI.cpp(250): error C2131: expression did not evaluate to a constant
  UI.cpp(250): note: failure was caused by non-constant arguments or reference to a non-constant symbol
  UI.cpp(250): note: see usage of 'IMPASSABLE'
UI.cpp(252): error C2065: 'CANYON': undeclared identifier
UI.cpp(252): error C2131: expression did not evaluate to a constant
  UI.cpp(252): note: failure was caused by non-constant arguments or reference to a non-constant symbol
  UI.cpp(252): note: see usage of 'CANYON'
UI.cpp(250): error C2051: case expression not constant
UI.cpp(252): error C2051: case expression not constant
UI.cpp(378): error C2065: 'CANYON': undeclared identifier
UI.cpp(378): error C2131: expression did not evaluate to a constant
  UI.cpp(378): note: failure was caused by non-constant arguments or reference to a non-constant symbol
  UI.cpp(378): note: see usage of 'CANYON'
UI.cpp(378): error C2051: case expression not constant
  WelcomeScreen.cpp
