Build started 01/04/2016 20:22:31.
     1>Project "D:\Software Engineering\CO1801 - Practitioner Skills\Group Assignment\GAIMI\GAIMI\GAIMI.vcxproj" on node 2 (Build target(s)).
     1>ClCompile:
         D:\Programs\Visual Studio\VC\bin\CL.exe /c /I"D:\Software Engineering\CO1801 - Practitioner Skills\Group Assignment\SDL2_image-2.0.1\include" /I"D:\Software Engineering\CO1801 - Practitioner Skills\Group Assignment\SDL2_ttf-2.0.14\include" /I"D:\Software Engineering\CO1801 - Practitioner Skills\Group Assignment\SDL2-2.0.4\include" /ZI /nologo /W3 /WX- /sdl /Od /Oy- /D _MBCS /Gm /EHsc /RTC1 /MDd /GS /fp:precise /Zc:wchar_t /Zc:forScope /Zc:inline /Fo"Debug\\" /Fd"Debug\vc140.pdb" /Gd /TP /analyze- /errorReport:prompt Game.cpp Main.cpp UI.cpp
         UI.cpp
         Generating Code...
         Skipping... (no relevant changes detected)
         Main.cpp
         Game.cpp
       Link:
         D:\Programs\Visual Studio\VC\bin\link.exe /ERRORREPORT:PROMPT /OUT:"D:\Software Engineering\CO1801 - Practitioner Skills\Group Assignment\GAIMI\Debug\GAIMI.exe" /INCREMENTAL /NOLOGO /LIBPATH:"D:\Software Engineering\CO1801 - Practitioner Skills\Group Assignment\SDL2_image-2.0.1\lib\x86" /LIBPATH:"D:\Software Engineering\CO1801 - Practitioner Skills\Group Assignment\SDL2_ttf-2.0.14\lib\x86" /LIBPATH:"D:\Software Engineering\CO1801 - Practitioner Skills\Group Assignment\SDL2-2.0.4\lib\x86" SDL2.lib SDL2main.lib SDL2_image.lib SDL2_ttf.lib kernel32.lib user32.lib gdi32.lib winspool.lib comdlg32.lib advapi32.lib shell32.lib ole32.lib oleaut32.lib uuid.lib odbc32.lib odbccp32.lib /MANIFEST /MANIFESTUAC:"level='asInvoker' uiAccess='false'" /manifest:embed /Debug /PDB:"D:\Software Engineering\CO1801 - Practitioner Skills\Group Assignment\GAIMI\Debug\GAIMI.pdb" /SUBSYSTEM:CONSOLE /TLBID:1 /DYNAMICBASE /NXCOMPAT /IMPLIB:"D:\Software Engineering\CO1801 - Practitioner Skills\Group Assignment\GAIMI\Debug\GAIMI.lib" /MACHINE:X86 Debug\Game.obj
         Debug\Main.obj
         Debug\Robot.obj
         Debug\Texture.obj
         Debug\Tile.obj
         Debug\Timer.obj
         Debug\UI.obj
         GAIMI.vcxproj -> D:\Software Engineering\CO1801 - Practitioner Skills\Group Assignment\GAIMI\Debug\GAIMI.exe
     1>Done Building Project "D:\Software Engineering\CO1801 - Practitioner Skills\Group Assignment\GAIMI\GAIMI\GAIMI.vcxproj" (Build target(s)).

Build succeeded.

Time Elapsed 00:00:02.25
